
2015-06-23 22:32:11...installerHook: Could not find custom/install/install_hooks.php
2015-06-23 22:32:13...installerHook: Could not find custom/install/install_hooks.php
2015-06-23 22:32:20...installerHook: Could not find custom/install/install_hooks.php
2015-06-23 22:32:31...Begin System Check Process *************
2015-06-23 22:32:31...XML Parsing Support Found
2015-06-23 22:32:31...MBString Support Found
2015-06-23 22:32:31...ZIP Support Found
2015-06-23 22:32:31.../custom directory and subdirectory check passed
2015-06-23 22:32:31...cache directory and subdirectory check passed
2015-06-23 22:32:31.../module  directory and subdirectory check passed
2015-06-23 22:32:31.../upload directory check passed
2015-06-23 22:32:31.../zip check passed
2015-06-23 22:32:31...PCRE version check passed
2015-06-23 22:32:31...installerHook: Could not find custom/install/install_hooks.php
2015-06-23 22:32:31...php.ini location found. /opt/php54/lib/php.ini
2015-06-23 22:32:31...Outputting HTML for System check
2015-06-23 22:32:31...No Errors were found *************
2015-06-23 22:32:34...installerHook: Could not find custom/install/install_hooks.php
2015-06-23 22:32:39...installerHook: Could not find custom/install/install_hooks.php
2015-06-23 22:32:43...installerHook: Could not find custom/install/install_hooks.php
2015-06-23 22:35:28...Begin DB Check Process *************
2015-06-23 22:35:28...testing with mysql:mysqli
2015-06-23 22:35:28...ERROR::  The passwords provided for the Sugar database user do not match. Please re-enter the same passwords in the password fields.
2015-06-23 22:35:28...Basic form info is INVALID, exit Process.
2015-06-23 22:35:28...FATAL:: errors have been detected!  User will not be allowed to continue.  Errors are as follow:
2015-06-23 22:35:28..... The passwords provided for the Sugar database user do not match. Please re-enter the same passwords in the password fields.
2015-06-23 22:35:42...Begin DB Check Process *************
2015-06-23 22:35:42...testing with mysql:mysqli
2015-06-23 22:35:42...ERROR::  The passwords provided for the Sugar database user do not match. Please re-enter the same passwords in the password fields.
2015-06-23 22:35:42...Basic form info is INVALID, exit Process.
2015-06-23 22:35:42...FATAL:: errors have been detected!  User will not be allowed to continue.  Errors are as follow:
2015-06-23 22:35:42..... The passwords provided for the Sugar database user do not match. Please re-enter the same passwords in the password fields.
2015-06-23 22:35:57...Begin DB Check Process *************
2015-06-23 22:35:57...testing with mysql:mysqli
2015-06-23 22:35:57...Basic form info is valid, continuing Process.
2015-06-23 22:35:57...Testing user account...
2015-06-23 22:35:57...ERROR::  The provided database host, username, and/or password is invalid, and a connection to the database could not be established.  Please enter a valid host, username and password
2015-06-23 22:35:57...Testing priviliged account...
2015-06-23 22:35:57...Connection made using  host: 192.232.249.2, usr: charles_dji
2015-06-23 22:35:57...DB not selected, will create charles_djisugar
2015-06-23 22:35:57...ERROR:: Unable to check database version.
2015-06-23 22:35:57...FATAL:: errors have been detected!  User will not be allowed to continue.  Errors are as follow:
2015-06-23 22:35:57..... The provided database host, username, and/or password is invalid, and a connection to the database could not be established.  Please enter a valid host, username and password
2015-06-23 22:35:57..... Unable to check database version.
2015-06-23 22:35:57...End DB Check Process *************
2015-06-23 22:36:46...Begin DB Check Process *************
2015-06-23 22:36:46...testing with mysql:mysqli
2015-06-23 22:36:46...Basic form info is valid, continuing Process.
2015-06-23 22:36:46...Testing user account...
2015-06-23 22:36:46...Connection made using  host: 192.232.249.2, usr: charles_dji
2015-06-23 22:36:46...Testing priviliged account...
2015-06-23 22:36:46...Connection made using  host: 192.232.249.2, usr: charles_dji
2015-06-23 22:36:47...ERROR:: The provided Database Name already exists.  You can<br>1.  hit the back button and choose a new database name <br>2.  click next and continue but all existing tables on this database will be dropped.  <strong>This means your tables and data will be blown away.</strong>
2015-06-23 22:36:47...Passed DB install check
2015-06-23 22:36:47...WARNING:: no errors detected, but DB tables will be dropped!, issuing warning to user
2015-06-23 22:36:47...End DB Check Process *************
2015-06-23 22:37:08...installerHook: Could not find custom/install/install_hooks.php
2015-06-23 22:37:28...installerHook: Could not find custom/install/install_hooks.php
2015-06-23 22:37:38...installerHook: Could not find custom/install/install_hooks.php
2015-06-23 22:37:38...calling handleSugarConfig()
2015-06-23 22:37:38...calling handleLog4Php()
2015-06-23 22:37:38...calling handleHtaccess()
2015-06-23 22:37:38...calling handleDbCharsetCollation()
2015-06-23 22:37:38...looping through all the Beans and create their tables
2015-06-23 22:37:38...processing table acl_actions
2015-06-23 22:37:38...dropping table acl_actions
2015-06-23 22:37:38...creating table acl_actions
2015-06-23 22:37:38...creating Relationship Meta for ACLAction
2015-06-23 22:37:38...processing table acl_roles
2015-06-23 22:37:38...dropping table acl_roles
2015-06-23 22:37:38...creating table acl_roles
2015-06-23 22:37:38...creating Relationship Meta for ACLRole
2015-06-23 22:37:38...processing table relationships
2015-06-23 22:37:38...dropping table relationships
2015-06-23 22:37:38...creating table relationships
2015-06-23 22:37:38...creating Relationship Meta for Relationship
2015-06-23 22:37:38...processing table leads
2015-06-23 22:37:38...dropping table leads
2015-06-23 22:37:39...creating table leads
2015-06-23 22:37:39...creating Relationship Meta for Lead
2015-06-23 22:37:39...processing table cases
2015-06-23 22:37:39...dropping table cases
2015-06-23 22:37:39...creating table cases
2015-06-23 22:37:39...creating Relationship Meta for Case
2015-06-23 22:37:39...processing table bugs
2015-06-23 22:37:39...dropping table bugs
2015-06-23 22:37:39...creating table bugs
2015-06-23 22:37:39...creating Relationship Meta for Bug
2015-06-23 22:37:39...processing table users
2015-06-23 22:37:39...dropping table users
2015-06-23 22:37:39...creating table users
2015-06-23 22:37:39...creating Relationship Meta for User
2015-06-23 22:37:39...processing table campaign_log
2015-06-23 22:37:39...dropping table campaign_log
2015-06-23 22:37:39...creating table campaign_log
2015-06-23 22:37:39...creating Relationship Meta for CampaignLog
2015-06-23 22:37:39...processing table project
2015-06-23 22:37:39...dropping table project
2015-06-23 22:37:39...creating table project
2015-06-23 22:37:39...creating Relationship Meta for Project
2015-06-23 22:37:39...processing table project_task
2015-06-23 22:37:39...dropping table project_task
2015-06-23 22:37:39...creating table project_task
2015-06-23 22:37:39...creating Relationship Meta for ProjectTask
2015-06-23 22:37:39...processing table campaigns
2015-06-23 22:37:39...dropping table campaigns
2015-06-23 22:37:39...creating table campaigns
2015-06-23 22:37:39...creating Relationship Meta for Campaign
2015-06-23 22:37:39...processing table prospect_lists
2015-06-23 22:37:39...dropping table prospect_lists
2015-06-23 22:37:39...creating table prospect_lists
2015-06-23 22:37:39...creating Relationship Meta for ProspectList
2015-06-23 22:37:39...processing table prospects
2015-06-23 22:37:39...dropping table prospects
2015-06-23 22:37:39...creating table prospects
2015-06-23 22:37:39...creating Relationship Meta for Prospect
2015-06-23 22:37:39...processing table email_marketing
2015-06-23 22:37:39...dropping table email_marketing
2015-06-23 22:37:39...creating table email_marketing
2015-06-23 22:37:39...creating Relationship Meta for EmailMarketing
2015-06-23 22:37:39...processing table campaign_trkrs
2015-06-23 22:37:39...dropping table campaign_trkrs
2015-06-23 22:37:39...creating table campaign_trkrs
2015-06-23 22:37:39...creating Relationship Meta for CampaignTracker
2015-06-23 22:37:39...processing table releases
2015-06-23 22:37:39...dropping table releases
2015-06-23 22:37:39...creating table releases
2015-06-23 22:37:39...creating Relationship Meta for Release
2015-06-23 22:37:39...processing table emailman
2015-06-23 22:37:39...dropping table emailman
2015-06-23 22:37:39...creating table emailman
2015-06-23 22:37:39...creating Relationship Meta for EmailMan
2015-06-23 22:37:39...processing table schedulers
2015-06-23 22:37:39...dropping table schedulers
2015-06-23 22:37:39...creating table schedulers
2015-06-23 22:37:39...creating Relationship Meta for Scheduler
2015-06-23 22:37:39...processing table job_queue
2015-06-23 22:37:39...dropping table job_queue
2015-06-23 22:37:39...creating table job_queue
2015-06-23 22:37:39...creating Relationship Meta for SchedulersJob
2015-06-23 22:37:39...processing table contacts
2015-06-23 22:37:39...dropping table contacts
2015-06-23 22:37:39...creating table contacts
2015-06-23 22:37:39...creating Relationship Meta for Contact
2015-06-23 22:37:39...processing table accounts
2015-06-23 22:37:39...dropping table accounts
2015-06-23 22:37:39...creating table accounts
2015-06-23 22:37:39...creating Relationship Meta for Account
2015-06-23 22:37:39...processing table opportunities
2015-06-23 22:37:39...dropping table opportunities
2015-06-23 22:37:39...creating table opportunities
2015-06-23 22:37:39...creating Relationship Meta for Opportunity
2015-06-23 22:37:39...processing table email_templates
2015-06-23 22:37:39...dropping table email_templates
2015-06-23 22:37:39...creating table email_templates
2015-06-23 22:37:39...creating Relationship Meta for EmailTemplate
2015-06-23 22:37:39...processing table notes
2015-06-23 22:37:39...dropping table notes
2015-06-23 22:37:39...creating table notes
2015-06-23 22:37:39...creating Relationship Meta for Note
2015-06-23 22:37:39...processing table calls
2015-06-23 22:37:39...dropping table calls
2015-06-23 22:37:39...creating table calls
2015-06-23 22:37:39...creating Relationship Meta for Call
2015-06-23 22:37:39...processing table emails
2015-06-23 22:37:39...dropping table emails
2015-06-23 22:37:40...creating table emails
2015-06-23 22:37:40...creating Relationship Meta for Email
2015-06-23 22:37:40...processing table meetings
2015-06-23 22:37:40...dropping table meetings
2015-06-23 22:37:40...creating table meetings
2015-06-23 22:37:40...creating Relationship Meta for Meeting
2015-06-23 22:37:40...processing table tasks
2015-06-23 22:37:40...dropping table tasks
2015-06-23 22:37:40...creating table tasks
2015-06-23 22:37:40...creating Relationship Meta for Task
2015-06-23 22:37:40...processing table users
2015-06-23 22:37:40...processing table users
2015-06-23 22:37:40...processing table currencies
2015-06-23 22:37:40...dropping table currencies
2015-06-23 22:37:40...creating table currencies
2015-06-23 22:37:40...creating Relationship Meta for Currency
2015-06-23 22:37:40...processing table tracker
2015-06-23 22:37:40...dropping table tracker
2015-06-23 22:37:40...creating table tracker
2015-06-23 22:37:40...creating Relationship Meta for Tracker
2015-06-23 22:37:40...processing table import_maps
2015-06-23 22:37:40...dropping table import_maps
2015-06-23 22:37:40...creating table import_maps
2015-06-23 22:37:40...creating Relationship Meta for ImportMap
2015-06-23 22:37:40...processing table users_last_import
2015-06-23 22:37:40...dropping table users_last_import
2015-06-23 22:37:40...creating table users_last_import
2015-06-23 22:37:40...creating Relationship Meta for UsersLastImport
2015-06-23 22:37:40...processing table config
2015-06-23 22:37:40...dropping table config
2015-06-23 22:37:40...creating table config
2015-06-23 22:37:40...creating Relationship Meta for Administration
2015-06-23 22:37:40...processing table upgrade_history
2015-06-23 22:37:40...dropping table upgrade_history
2015-06-23 22:37:40...creating table upgrade_history
2015-06-23 22:37:40...creating Relationship Meta for UpgradeHistory
2015-06-23 22:37:40...processing table vcals
2015-06-23 22:37:40...dropping table vcals
2015-06-23 22:37:40...creating table vcals
2015-06-23 22:37:40...creating Relationship Meta for vCal
2015-06-23 22:37:40...processing table versions
2015-06-23 22:37:40...dropping table versions
2015-06-23 22:37:40...creating table versions
2015-06-23 22:37:40...creating Relationship Meta for Version
2015-06-23 22:37:40...processing table roles
2015-06-23 22:37:40...dropping table roles
2015-06-23 22:37:40...creating table roles
2015-06-23 22:37:40...creating Relationship Meta for Role
2015-06-23 22:37:40...processing table documents
2015-06-23 22:37:40...dropping table documents
2015-06-23 22:37:40...creating table documents
2015-06-23 22:37:40...creating Relationship Meta for Document
2015-06-23 22:37:40...processing table document_revisions
2015-06-23 22:37:40...dropping table document_revisions
2015-06-23 22:37:40...creating table document_revisions
2015-06-23 22:37:40...creating Relationship Meta for DocumentRevision
2015-06-23 22:37:40...processing table fields_meta_data
2015-06-23 22:37:40...dropping table fields_meta_data
2015-06-23 22:37:40...creating table fields_meta_data
2015-06-23 22:37:40...creating Relationship Meta for FieldsMetaData
2015-06-23 22:37:40...processing table inbound_email
2015-06-23 22:37:40...dropping table inbound_email
2015-06-23 22:37:40...creating table inbound_email
2015-06-23 22:37:40...creating Relationship Meta for InboundEmail
2015-06-23 22:37:40...processing table saved_search
2015-06-23 22:37:40...dropping table saved_search
2015-06-23 22:37:40...creating table saved_search
2015-06-23 22:37:40...creating Relationship Meta for SavedSearch
2015-06-23 22:37:40...processing table user_preferences
2015-06-23 22:37:40...dropping table user_preferences
2015-06-23 22:37:40...creating table user_preferences
2015-06-23 22:37:40...creating Relationship Meta for UserPreference
2015-06-23 22:37:40...processing table 
2015-06-23 22:37:40...processing table email_addresses
2015-06-23 22:37:40...dropping table email_addresses
2015-06-23 22:37:40...creating table email_addresses
2015-06-23 22:37:40...creating Relationship Meta for EmailAddress
2015-06-23 22:37:40...processing table emails_text
2015-06-23 22:37:40...dropping table emails_text
2015-06-23 22:37:40...creating table emails_text
2015-06-23 22:37:40...creating Relationship Meta for EmailText
2015-06-23 22:37:40...processing table sugarfeed
2015-06-23 22:37:40...dropping table sugarfeed
2015-06-23 22:37:40...creating table sugarfeed
2015-06-23 22:37:40...creating Relationship Meta for SugarFeed
2015-06-23 22:37:40...processing table eapm
2015-06-23 22:37:40...dropping table eapm
2015-06-23 22:37:40...creating table eapm
2015-06-23 22:37:40...creating Relationship Meta for EAPM
2015-06-23 22:37:40...processing table oauth_consumer
2015-06-23 22:37:40...dropping table oauth_consumer
2015-06-23 22:37:40...creating table oauth_consumer
2015-06-23 22:37:40...creating Relationship Meta for OAuthKey
2015-06-23 22:37:40...processing table oauth_tokens
2015-06-23 22:37:40...dropping table oauth_tokens
2015-06-23 22:37:40...creating table oauth_tokens
2015-06-23 22:37:40...creating Relationship Meta for OAuthToken
2015-06-23 22:37:41...Begin creating Defaults
2015-06-23 22:37:41...insert defaults into config table
2015-06-23 22:37:41...Creating default users
2015-06-23 22:37:41...Creating default scheduler jobs
2015-06-23 22:37:41...Enable SugarFeeds
2015-06-23 22:37:41...Enable InsideView Connector
2015-06-23 22:37:41...Creating FTS logic hook
2015-06-23 22:37:41...populating the db with seed data
2015-06-23 22:37:41...Installation has completed *********
2015-06-23 22:37:51...installerHook: Could not find custom/install/install_hooks.php
2015-06-24 00:01:09...installerHook: Could not find custom/install/install_hooks.php